<?xml version="1.0" encoding="UTF-8"?>
<testsuites name="jest tests" tests="2" failures="0" errors="0" time="1.913">
  <testsuite name="HttpBuildCacheProvider" errors="0" failures="0" skipped="0" timestamp="2025-02-27T17:39:53" time="1.623" tests="2">
    <testcase classname="HttpBuildCacheProvider tryGetCacheEntryBufferByIdAsync &gt; " name="prints warning if read credentials are not available (lib/test/HttpBuildCacheProvider.test.js)" time="0.031">
    </testcase>
    <testcase classname="HttpBuildCacheProvider tryGetCacheEntryBufferByIdAsync &gt; " name="attempts up to 3 times to download a cache entry (lib/test/HttpBuildCacheProvider.test.js)" time="0.009">
    </testcase>
  </testsuite>
</testsuites>